2016-03-22 10:19:11 INFO  Network:19 - Starting up!
2016-03-22 10:19:11 INFO  Network:19 - Starting up!
2016-03-22 10:29:40 INFO  Network:19 - Starting up!
2016-03-22 10:29:46 INFO  Network:19 - Starting up!
2016-03-22 10:29:46 INFO  Network:19 - Starting up!
2016-03-22 10:36:05 INFO  Network:19 - Starting up!
2016-03-22 10:36:05 INFO  Network:19 - Starting up!
2016-03-22 10:36:11 INFO  Network:19 - Starting up!
2016-03-22 10:36:11 INFO  Network:19 - Starting up!
2016-03-22 10:36:52 INFO  Network:19 - Starting up!
2016-03-22 10:36:53 INFO  Network:19 - Starting up!
2016-03-22 10:37:17 INFO  Network:19 - Starting up!
2016-03-22 10:37:17 INFO  Network:19 - Starting up!
2016-03-22 10:37:17 INFO  Network:19 - Starting up!
2016-03-22 10:37:17 INFO  Network:19 - Starting up!
2016-03-22 10:37:17 INFO  Network:19 - Starting up!
2016-03-22 10:37:17 INFO  Network:19 - Starting up!
2016-03-22 10:37:17 INFO  Network:19 - Starting up!
2016-03-22 10:37:17 INFO  Network:19 - Starting up!
2016-03-22 10:37:17 INFO  Network:19 - Starting up!
2016-03-22 10:37:17 INFO  Network:19 - Starting up!
2016-03-22 10:37:17 INFO  Network:19 - Starting up!
2016-03-22 10:37:17 INFO  Network:19 - Starting up!
2016-03-22 10:37:17 INFO  Network:19 - Starting up!
2016-03-22 10:37:17 INFO  Network:19 - Starting up!
2016-03-22 10:37:17 INFO  Network:19 - Starting up!
2016-03-22 10:37:17 INFO  Network:19 - Starting up!
2016-03-22 10:37:17 INFO  Network:19 - Starting up!
2016-03-22 10:37:17 INFO  Network:19 - Starting up!
2016-03-22 10:37:18 INFO  Network:19 - Starting up!
2016-03-22 10:37:18 INFO  Network:19 - Starting up!
2016-03-22 10:37:18 INFO  Network:19 - Starting up!
2016-03-22 10:37:18 INFO  Network:19 - Starting up!
2016-03-22 10:37:18 INFO  Network:19 - Starting up!
2016-03-22 10:37:18 INFO  Network:19 - Starting up!
2016-03-22 10:37:18 INFO  Network:19 - Starting up!
2016-03-22 10:37:18 INFO  Network:19 - Starting up!
2016-03-22 10:37:18 INFO  Network:19 - Starting up!
2016-03-22 10:37:18 INFO  Network:19 - Starting up!
2016-03-22 10:37:18 INFO  Network:19 - Starting up!
2016-03-22 10:37:18 INFO  Network:19 - Starting up!
2016-03-22 10:37:18 INFO  Network:19 - Starting up!
2016-03-22 10:37:18 INFO  Network:19 - Starting up!
2016-03-22 10:37:18 INFO  Network:19 - Starting up!
2016-03-22 10:37:18 INFO  Network:19 - Starting up!
2016-03-22 10:37:18 INFO  Network:19 - Starting up!
2016-03-22 10:37:18 INFO  Network:19 - Starting up!
2016-03-22 10:37:18 INFO  Network:19 - Starting up!
2016-03-22 10:37:18 INFO  Network:19 - Starting up!
2016-03-22 10:37:18 INFO  Network:19 - Starting up!
2016-03-22 10:37:18 INFO  Network:19 - Starting up!
2016-03-22 10:37:18 INFO  Network:19 - Starting up!
2016-03-22 10:37:18 INFO  Network:19 - Starting up!
2016-03-22 10:37:18 INFO  Network:19 - Starting up!
2016-03-22 10:37:18 INFO  Network:19 - Starting up!
2016-03-22 10:37:18 INFO  Network:19 - Starting up!
2016-03-22 10:37:18 INFO  Network:19 - Starting up!
2016-03-22 10:37:18 INFO  Network:19 - Starting up!
2016-03-22 10:37:18 INFO  Network:19 - Starting up!
2016-03-22 10:37:18 INFO  Network:19 - Starting up!
2016-03-22 10:37:18 INFO  Network:19 - Starting up!
2016-03-22 10:37:18 INFO  Network:19 - Starting up!
2016-03-22 10:37:18 INFO  Network:19 - Starting up!
2016-03-22 10:37:18 INFO  Network:19 - Starting up!
2016-03-22 10:37:18 INFO  Network:19 - Starting up!
2016-03-22 10:37:18 INFO  Network:19 - Starting up!
2016-03-22 10:37:18 INFO  Network:19 - Starting up!
2016-03-22 10:37:18 INFO  Network:19 - Starting up!
2016-03-22 10:37:18 INFO  Network:19 - Starting up!
2016-03-22 10:37:18 INFO  Network:19 - Starting up!
2016-03-22 10:37:18 INFO  Network:19 - Starting up!
2016-03-22 10:37:18 INFO  Network:19 - Starting up!
2016-03-22 10:37:18 INFO  Network:19 - Starting up!
2016-03-22 10:37:18 INFO  Network:19 - Starting up!
2016-03-22 10:37:18 INFO  Network:19 - Starting up!
2016-03-22 10:37:18 INFO  Network:19 - Starting up!
2016-03-22 10:37:18 INFO  Network:19 - Starting up!
2016-03-22 10:37:18 INFO  Network:19 - Starting up!
2016-03-22 10:37:18 INFO  Network:19 - Starting up!
2016-03-22 10:37:18 INFO  Network:19 - Starting up!
2016-03-22 10:37:18 INFO  Network:19 - Starting up!
2016-03-22 10:37:18 INFO  Network:19 - Starting up!
2016-03-22 10:37:18 INFO  Network:19 - Starting up!
2016-03-22 10:37:18 INFO  Network:19 - Starting up!
2016-03-22 10:37:18 INFO  Network:19 - Starting up!
2016-03-22 10:37:18 INFO  Network:19 - Starting up!
2016-03-22 10:37:18 INFO  Network:19 - Starting up!
2016-03-22 10:37:18 INFO  Network:19 - Starting up!
2016-03-22 10:37:18 INFO  Network:19 - Starting up!
2016-03-22 10:37:18 INFO  Network:19 - Starting up!
2016-03-22 10:37:18 INFO  Network:19 - Starting up!
2016-03-22 10:37:18 INFO  Network:19 - Starting up!
2016-03-22 10:37:18 INFO  Network:19 - Starting up!
2016-03-22 10:37:18 INFO  Network:19 - Starting up!
2016-03-22 10:37:18 INFO  Network:19 - Starting up!
2016-03-22 10:37:18 INFO  Network:19 - Starting up!
2016-03-22 10:37:18 INFO  Network:19 - Starting up!
2016-03-22 10:37:18 INFO  Network:19 - Starting up!
2016-03-22 10:37:18 INFO  Network:19 - Starting up!
2016-03-22 10:37:18 INFO  Network:19 - Starting up!
2016-03-22 10:37:18 INFO  Network:19 - Starting up!
2016-03-22 10:37:18 INFO  Network:19 - Starting up!
2016-03-22 10:37:18 INFO  Network:19 - Starting up!
2016-03-22 10:37:18 INFO  Network:19 - Starting up!
2016-03-22 10:37:18 INFO  Network:19 - Starting up!
2016-03-22 10:37:18 INFO  Network:19 - Starting up!
2016-03-22 10:37:18 INFO  Network:19 - Starting up!
2016-03-22 10:37:18 INFO  Network:19 - Starting up!
2016-03-22 10:37:18 INFO  Network:19 - Starting up!
2016-03-22 10:37:18 INFO  Network:19 - Starting up!
2016-03-22 10:37:18 INFO  Network:19 - Starting up!
2016-03-22 10:37:18 INFO  Network:19 - Starting up!
2016-03-22 10:37:18 INFO  Network:19 - Starting up!
2016-03-22 10:37:18 INFO  Network:19 - Starting up!
2016-03-22 10:37:18 INFO  Network:19 - Starting up!
2016-03-22 10:37:18 INFO  Network:19 - Starting up!
2016-03-22 10:37:18 INFO  Network:19 - Starting up!
2016-03-22 10:37:18 INFO  Network:19 - Starting up!
2016-03-22 10:37:18 INFO  Network:19 - Starting up!
2016-03-22 10:37:18 INFO  Network:19 - Starting up!
2016-03-22 10:37:18 INFO  Network:19 - Starting up!
2016-03-22 10:37:18 INFO  Network:19 - Starting up!
2016-03-22 10:37:18 INFO  Network:19 - Starting up!
2016-03-22 10:37:18 INFO  Network:19 - Starting up!
2016-03-22 10:37:18 INFO  Network:19 - Starting up!
2016-03-22 10:37:18 INFO  Network:19 - Starting up!
2016-03-22 10:37:18 INFO  Network:19 - Starting up!
2016-03-22 10:37:18 INFO  Network:19 - Starting up!
2016-03-22 10:37:18 INFO  Network:19 - Starting up!
2016-03-22 10:37:18 INFO  Network:19 - Starting up!
2016-03-22 10:37:18 INFO  Network:19 - Starting up!
2016-03-22 10:37:18 INFO  Network:19 - Starting up!
2016-03-22 10:37:18 INFO  Network:19 - Starting up!
2016-03-22 10:37:18 INFO  Network:19 - Starting up!
2016-03-22 10:37:19 INFO  Network:19 - Starting up!
2016-03-22 10:37:19 INFO  Network:19 - Starting up!
2016-03-22 10:37:19 INFO  Network:19 - Starting up!
2016-03-22 10:37:19 INFO  Network:19 - Starting up!
2016-03-22 10:37:19 INFO  Network:19 - Starting up!
2016-03-22 10:37:19 INFO  Network:19 - Starting up!
2016-03-22 10:37:19 INFO  Network:19 - Starting up!
2016-03-22 10:37:19 INFO  Network:19 - Starting up!
2016-03-22 10:37:19 INFO  Network:19 - Starting up!
2016-03-22 10:37:19 INFO  Network:19 - Starting up!
2016-03-22 10:37:19 INFO  Network:19 - Starting up!
2016-03-22 10:37:19 INFO  Network:19 - Starting up!
2016-03-22 10:37:19 INFO  Network:19 - Starting up!
2016-03-22 10:37:19 INFO  Network:19 - Starting up!
2016-03-22 10:37:19 INFO  Network:19 - Starting up!
2016-03-22 10:37:19 INFO  Network:19 - Starting up!
2016-03-22 10:37:19 INFO  Network:19 - Starting up!
2016-03-22 10:37:19 INFO  Network:19 - Starting up!
2016-03-22 10:37:19 INFO  Network:19 - Starting up!
2016-03-22 10:37:19 INFO  Network:19 - Starting up!
2016-03-22 10:37:19 INFO  Network:19 - Starting up!
2016-03-22 10:37:19 INFO  Network:19 - Starting up!
2016-03-22 10:37:19 INFO  Network:19 - Starting up!
2016-03-22 10:37:19 INFO  Network:19 - Starting up!
2016-03-22 10:37:19 INFO  Network:19 - Starting up!
2016-03-22 10:37:19 INFO  Network:19 - Starting up!
2016-03-22 10:37:19 INFO  Network:19 - Starting up!
2016-03-22 10:37:19 INFO  Network:19 - Starting up!
2016-03-22 10:37:19 INFO  Network:19 - Starting up!
2016-03-22 10:37:19 INFO  Network:19 - Starting up!
2016-03-22 10:37:19 INFO  Network:19 - Starting up!
2016-03-22 10:37:19 INFO  Network:19 - Starting up!
2016-03-22 10:37:19 INFO  Network:19 - Starting up!
2016-03-22 10:37:19 INFO  Network:19 - Starting up!
2016-03-22 10:37:19 INFO  Network:19 - Starting up!
2016-03-22 10:37:19 INFO  Network:19 - Starting up!
2016-03-22 10:37:19 INFO  Network:19 - Starting up!
2016-03-22 10:37:19 INFO  Network:19 - Starting up!
2016-03-22 10:37:19 INFO  Network:19 - Starting up!
2016-03-22 10:37:19 INFO  Network:19 - Starting up!
2016-03-22 10:37:19 INFO  Network:19 - Starting up!
2016-03-22 10:37:19 INFO  Network:19 - Starting up!
2016-03-22 10:37:19 INFO  Network:19 - Starting up!
2016-03-22 10:37:19 INFO  Network:19 - Starting up!
2016-03-22 10:37:19 INFO  Network:19 - Starting up!
2016-03-22 10:37:19 INFO  Network:19 - Starting up!
2016-03-22 10:37:19 INFO  Network:19 - Starting up!
2016-03-22 10:37:19 INFO  Network:19 - Starting up!
2016-03-22 10:37:19 INFO  Network:19 - Starting up!
2016-03-22 10:37:19 INFO  Network:19 - Starting up!
2016-03-22 10:37:19 INFO  Network:19 - Starting up!
2016-03-22 10:37:19 INFO  Network:19 - Starting up!
2016-03-22 10:37:19 INFO  Network:19 - Starting up!
2016-03-22 10:37:19 INFO  Network:19 - Starting up!
2016-03-22 10:37:19 INFO  Network:19 - Starting up!
2016-03-22 10:37:19 INFO  Network:19 - Starting up!
2016-03-22 10:37:19 INFO  Network:19 - Starting up!
2016-03-22 10:37:19 INFO  Network:19 - Starting up!
2016-03-22 10:37:19 INFO  Network:19 - Starting up!
2016-03-22 10:37:19 INFO  Network:19 - Starting up!
2016-03-22 10:37:19 INFO  Network:19 - Starting up!
2016-03-22 10:37:19 INFO  Network:19 - Starting up!
2016-03-22 10:37:19 INFO  Network:19 - Starting up!
2016-03-22 10:37:19 INFO  Network:19 - Starting up!
2016-03-22 10:37:19 INFO  Network:19 - Starting up!
2016-03-22 10:37:19 INFO  Network:19 - Starting up!
2016-03-22 10:37:19 INFO  Network:19 - Starting up!
2016-03-22 10:37:19 INFO  Network:19 - Starting up!
2016-03-22 10:37:19 INFO  Network:19 - Starting up!
2016-03-22 10:37:19 INFO  Network:19 - Starting up!
2016-03-22 10:37:19 INFO  Network:19 - Starting up!
2016-03-22 10:37:19 INFO  Network:19 - Starting up!
2016-03-22 10:37:19 INFO  Network:19 - Starting up!
2016-03-22 10:37:19 INFO  Network:19 - Starting up!
2016-03-22 10:37:19 INFO  Network:19 - Starting up!
2016-03-22 10:37:19 INFO  Network:19 - Starting up!
2016-03-22 10:37:19 INFO  Network:19 - Starting up!
2016-03-22 10:37:19 INFO  Network:19 - Starting up!
2016-03-22 10:37:19 INFO  Network:19 - Starting up!
2016-03-22 10:37:19 INFO  Network:19 - Starting up!
2016-03-22 10:37:19 INFO  Network:19 - Starting up!
2016-03-22 10:37:19 INFO  Network:19 - Starting up!
2016-03-22 10:37:19 INFO  Network:19 - Starting up!
2016-03-22 10:37:19 INFO  Network:19 - Starting up!
2016-03-22 10:37:19 INFO  Network:19 - Starting up!
2016-03-22 10:37:19 INFO  Network:19 - Starting up!
2016-03-22 10:37:19 INFO  Network:19 - Starting up!
2016-03-22 10:37:19 INFO  Network:19 - Starting up!
2016-03-22 10:37:19 INFO  Network:19 - Starting up!
2016-03-22 10:37:19 INFO  Network:19 - Starting up!
2016-03-22 10:37:19 INFO  Network:19 - Starting up!
2016-03-22 10:37:19 INFO  Network:19 - Starting up!
2016-03-22 10:37:19 INFO  Network:19 - Starting up!
2016-03-22 10:37:19 INFO  Network:19 - Starting up!
2016-03-22 10:37:19 INFO  Network:19 - Starting up!
2016-03-22 10:37:19 INFO  Network:19 - Starting up!
2016-03-22 10:37:20 INFO  Network:19 - Starting up!
2016-03-22 10:37:20 INFO  Network:19 - Starting up!
2016-03-22 10:37:20 INFO  Network:19 - Starting up!
2016-03-22 10:37:20 INFO  Network:19 - Starting up!
2016-03-22 10:37:20 INFO  Network:19 - Starting up!
2016-03-22 10:37:20 INFO  Network:19 - Starting up!
2016-03-22 10:37:20 INFO  Network:19 - Starting up!
2016-03-22 10:37:20 INFO  Network:19 - Starting up!
2016-03-22 10:37:20 INFO  Network:19 - Starting up!
2016-03-22 10:37:20 INFO  Network:19 - Starting up!
2016-03-22 10:37:20 INFO  Network:19 - Starting up!
2016-03-22 10:37:20 INFO  Network:19 - Starting up!
2016-03-22 10:37:20 INFO  Network:19 - Starting up!
2016-03-22 10:37:20 INFO  Network:19 - Starting up!
2016-03-22 10:37:20 INFO  Network:19 - Starting up!
2016-03-22 10:37:20 INFO  Network:19 - Starting up!
2016-03-22 10:37:20 INFO  Network:19 - Starting up!
2016-03-22 10:37:20 INFO  Network:19 - Starting up!
2016-03-22 10:37:20 INFO  Network:19 - Starting up!
2016-03-22 10:37:20 INFO  Network:19 - Starting up!
2016-03-22 10:37:20 INFO  Network:19 - Starting up!
2016-03-22 10:37:20 INFO  Network:19 - Starting up!
2016-03-22 10:37:20 INFO  Network:19 - Starting up!
2016-03-22 10:37:20 INFO  Network:19 - Starting up!
2016-03-22 10:37:20 INFO  Network:19 - Starting up!
2016-03-22 10:37:20 INFO  Network:19 - Starting up!
2016-03-22 10:37:20 INFO  Network:19 - Starting up!
2016-03-22 10:37:20 INFO  Network:19 - Starting up!
2016-03-22 10:37:20 INFO  Network:19 - Starting up!
2016-03-22 10:37:20 INFO  Network:19 - Starting up!
2016-03-22 10:37:20 INFO  Network:19 - Starting up!
2016-03-22 10:37:20 INFO  Network:19 - Starting up!
2016-03-22 10:37:20 INFO  Network:19 - Starting up!
2016-03-22 10:37:20 INFO  Network:19 - Starting up!
2016-03-22 10:37:20 INFO  Network:19 - Starting up!
2016-03-22 10:37:20 INFO  Network:19 - Starting up!
2016-03-22 10:37:20 INFO  Network:19 - Starting up!
2016-03-22 10:37:20 INFO  Network:19 - Starting up!
2016-03-22 10:37:20 INFO  Network:19 - Starting up!
2016-03-22 10:37:20 INFO  Network:19 - Starting up!
2016-03-22 10:37:20 INFO  Network:19 - Starting up!
2016-03-22 10:37:20 INFO  Network:19 - Starting up!
2016-03-22 10:37:20 INFO  Network:19 - Starting up!
2016-03-22 10:37:20 INFO  Network:19 - Starting up!
2016-03-22 10:37:20 INFO  Network:19 - Starting up!
2016-03-22 10:37:20 INFO  Network:19 - Starting up!
2016-03-22 10:37:20 INFO  Network:19 - Starting up!
2016-03-22 10:37:20 INFO  Network:19 - Starting up!
2016-03-22 10:37:20 INFO  Network:19 - Starting up!
2016-03-22 10:37:20 INFO  Network:19 - Starting up!
2016-03-22 10:37:20 INFO  Network:19 - Starting up!
2016-03-22 10:37:20 INFO  Network:19 - Starting up!
2016-03-22 10:37:20 INFO  Network:19 - Starting up!
2016-03-22 10:37:20 INFO  Network:19 - Starting up!
2016-03-22 10:37:20 INFO  Network:19 - Starting up!
2016-03-22 10:37:20 INFO  Network:19 - Starting up!
2016-03-22 10:37:20 INFO  Network:19 - Starting up!
2016-03-22 10:37:20 INFO  Network:19 - Starting up!
2016-03-22 10:37:20 INFO  Network:19 - Starting up!
2016-03-22 10:37:20 INFO  Network:19 - Starting up!
2016-03-22 10:37:20 INFO  Network:19 - Starting up!
2016-03-22 10:37:20 INFO  Network:19 - Starting up!
2016-03-22 10:37:20 INFO  Network:19 - Starting up!
2016-03-22 10:37:20 INFO  Network:19 - Starting up!
2016-03-22 10:37:20 INFO  Network:19 - Starting up!
2016-03-22 10:37:20 INFO  Network:19 - Starting up!
2016-03-22 10:37:20 INFO  Network:19 - Starting up!
2016-03-22 10:37:20 INFO  Network:19 - Starting up!
2016-03-22 10:37:20 INFO  Network:19 - Starting up!
2016-03-22 10:37:20 INFO  Network:19 - Starting up!
2016-03-22 10:37:20 INFO  Network:19 - Starting up!
2016-03-22 10:37:20 INFO  Network:19 - Starting up!
2016-03-22 10:37:20 INFO  Network:19 - Starting up!
2016-03-22 10:37:20 INFO  Network:19 - Starting up!
2016-03-22 10:37:20 INFO  Network:19 - Starting up!
2016-03-22 10:37:20 INFO  Network:19 - Starting up!
2016-03-22 10:37:20 INFO  Network:19 - Starting up!
2016-03-22 10:37:20 INFO  Network:19 - Starting up!
2016-03-22 10:37:20 INFO  Network:19 - Starting up!
2016-03-22 10:37:20 INFO  Network:19 - Starting up!
2016-03-22 10:37:20 INFO  Network:19 - Starting up!
2016-03-22 10:37:20 INFO  Network:19 - Starting up!
2016-03-22 10:37:20 INFO  Network:19 - Starting up!
2016-03-22 10:37:20 INFO  Network:19 - Starting up!
2016-03-22 10:37:20 INFO  Network:19 - Starting up!
2016-03-22 10:37:27 INFO  Network:19 - Starting up!
2016-03-22 10:37:28 INFO  Network:19 - Starting up!
2016-03-22 10:37:28 INFO  Network:19 - Starting up!
2016-03-22 10:37:28 INFO  Network:19 - Starting up!
2016-03-22 10:37:28 INFO  Network:19 - Starting up!
2016-03-22 10:37:28 INFO  Network:19 - Starting up!
2016-03-22 10:37:28 INFO  Network:19 - Starting up!
2016-03-22 10:37:28 INFO  Network:19 - Starting up!
2016-03-22 10:37:28 INFO  Network:19 - Starting up!
2016-03-22 10:37:28 INFO  Network:19 - Starting up!
2016-03-22 10:37:28 INFO  Network:19 - Starting up!
2016-03-22 10:37:28 INFO  Network:19 - Starting up!
2016-03-22 10:37:28 INFO  Network:19 - Starting up!
2016-03-22 10:37:28 INFO  Network:19 - Starting up!
2016-03-22 10:37:28 INFO  Network:19 - Starting up!
2016-03-22 10:37:28 INFO  Network:19 - Starting up!
2016-03-22 10:37:28 INFO  Network:19 - Starting up!
2016-03-22 10:37:28 INFO  Network:19 - Starting up!
2016-03-22 10:37:28 INFO  Network:19 - Starting up!
2016-03-22 10:37:28 INFO  Network:19 - Starting up!
2016-03-22 10:37:28 INFO  Network:19 - Starting up!
2016-03-22 10:37:28 INFO  Network:19 - Starting up!
2016-03-22 10:37:28 INFO  Network:19 - Starting up!
2016-03-22 10:37:28 INFO  Network:19 - Starting up!
2016-03-22 10:37:28 INFO  Network:19 - Starting up!
2016-03-22 10:37:28 INFO  Network:19 - Starting up!
2016-03-22 10:37:28 INFO  Network:19 - Starting up!
2016-03-22 10:37:28 INFO  Network:19 - Starting up!
2016-03-22 10:37:28 INFO  Network:19 - Starting up!
2016-03-22 10:37:28 INFO  Network:19 - Starting up!
2016-03-22 10:37:28 INFO  Network:19 - Starting up!
2016-03-22 10:37:28 INFO  Network:19 - Starting up!
2016-03-22 10:37:28 INFO  Network:19 - Starting up!
2016-03-22 10:37:28 INFO  Network:19 - Starting up!
2016-03-22 10:37:28 INFO  Network:19 - Starting up!
2016-03-22 10:37:28 INFO  Network:19 - Starting up!
2016-03-22 10:37:28 INFO  Network:19 - Starting up!
2016-03-22 10:37:28 INFO  Network:19 - Starting up!
2016-03-22 10:37:28 INFO  Network:19 - Starting up!
2016-03-22 10:37:28 INFO  Network:19 - Starting up!
2016-03-22 10:37:28 INFO  Network:19 - Starting up!
2016-03-22 10:37:28 INFO  Network:19 - Starting up!
2016-03-22 10:37:28 INFO  Network:19 - Starting up!
2016-03-22 10:37:28 INFO  Network:19 - Starting up!
2016-03-22 10:37:28 INFO  Network:19 - Starting up!
2016-03-22 10:37:28 INFO  Network:19 - Starting up!
2016-03-22 10:37:28 INFO  Network:19 - Starting up!
2016-03-22 10:37:28 INFO  Network:19 - Starting up!
2016-03-22 10:37:28 INFO  Network:19 - Starting up!
2016-03-22 10:37:28 INFO  Network:19 - Starting up!
2016-03-22 10:37:28 INFO  Network:19 - Starting up!
2016-03-22 10:37:28 INFO  Network:19 - Starting up!
2016-03-22 10:37:28 INFO  Network:19 - Starting up!
2016-03-22 10:37:28 INFO  Network:19 - Starting up!
2016-03-22 10:37:28 INFO  Network:19 - Starting up!
2016-03-22 10:37:28 INFO  Network:19 - Starting up!
2016-03-22 10:37:28 INFO  Network:19 - Starting up!
2016-03-22 10:37:28 INFO  Network:19 - Starting up!
2016-03-22 10:37:28 INFO  Network:19 - Starting up!
2016-03-22 10:37:28 INFO  Network:19 - Starting up!
2016-03-22 10:37:28 INFO  Network:19 - Starting up!
2016-03-22 10:37:28 INFO  Network:19 - Starting up!
2016-03-22 10:37:28 INFO  Network:19 - Starting up!
2016-03-22 10:37:28 INFO  Network:19 - Starting up!
2016-03-22 10:37:28 INFO  Network:19 - Starting up!
2016-03-22 10:37:28 INFO  Network:19 - Starting up!
2016-03-22 10:37:28 INFO  Network:19 - Starting up!
2016-03-22 10:37:28 INFO  Network:19 - Starting up!
2016-03-22 10:37:28 INFO  Network:19 - Starting up!
2016-03-22 10:39:55 INFO  Network:19 - Starting up!
2016-03-22 10:39:55 INFO  Network:27 - Started!
2016-03-22 10:40:15 INFO  Network:19 - Starting up!
2016-03-22 10:40:15 INFO  Network:27 - Started!
2016-03-22 10:40:23 INFO  Network:31 - Received a connection from 127.0.0.1
2016-03-22 10:41:02 INFO  Network:44 - A client disconnected!
2016-03-23 12:27:15 INFO  Network:16 - Starting!
