#
# A fatal error has been detected by the Java Runtime Environment:
#
#  EXCEPTION_ACCESS_VIOLATION (0xc0000005) at pc=0x00007ff93971b800, pid=17540, tid=18500
#
# JRE version: Java(TM) SE Runtime Environment (8.0_60-b27) (build 1.8.0_60-b27)
# Java VM: Java HotSpot(TM) 64-Bit Server VM (25.60-b23 mixed mode windows-amd64 compressed oops)
# Problematic frame:
# C  [ig75icd64.dll+0x9b800]
#
# Failed to write core dump. Minidumps are not enabled by default on client versions of Windows
#
# If you would like to submit a bug report, please visit:
#   http://bugreport.java.com/bugreport/crash.jsp
# The crash happened outside the Java Virtual Machine in native code.
# See problematic frame for where to report the bug.
#

---------------  T H R E A D  ---------------

Current thread (0x0000000002362800):  JavaThread "main" [_thread_in_native, id=18500, stack(0x0000000002250000,0x0000000002350000)]

siginfo: ExceptionCode=0xc0000005, reading address 0x0000000000000000

Registers:
RAX=0x0000000000000000, RBX=0x0000000028e33000, RCX=0x0000000000000000, RDX=0x0000000000000000
RSP=0x000000000234bc50, RBP=0x000000000234bd80, RSI=0x000000001d8d03a0, RDI=0x0000000028e33000
R8 =0x0000000000000040, R9 =0x0000000000000000, R10=0x0000000000000004, R11=0x0000000000000202
R12=0x0000000000000000, R13=0x0000000000000000, R14=0x000000000234c3f8, R15=0x0000000000000010
RIP=0x00007ff93971b800, EFLAGS=0x0000000000010202

Top of Stack: (sp=0x000000000234bc50)
0x000000000234bc50:   cafebabecafebabe 0000000000000000
0x000000000234bc60:   0000000000000000 0000000000000000
0x000000000234bc70:   00000000007a6240 00007ff939901345
0x000000000234bc80:   0000000000000002 000000001d8d03a0
0x000000000234bc90:   000000000234bd80 00007ff96085208e
0x000000000234bca0:   00007ff96084ba01 0000000000000000
0x000000000234bcb0:   000000000234c3f8 0000000100000040
0x000000000234bcc0:   0000000200000000 0000000100000000
0x000000000234bcd0:   0000000000000001 00000000007ca7a8
0x000000000234bce0:   00007ff900000001 0000000000000000
0x000000000234bcf0:   0000000000000004 0000000052001547
0x000000000234bd00:   000000001da53dc0 00007ff95a081547
0x000000000234bd10:   0000000000000001 0000000019b220e0
0x000000000234bd20:   feeefeee00000000 000000001da2c690
0x000000000234bd30:   0000000000000001 0000000000000001
0x000000000234bd40:   0000000019b220f4 00007ff900000014 

Instructions: (pc=0x00007ff93971b800)
0x00007ff93971b7e0:   72 9e 41 83 e0 7f 74 34 45 8b d0 44 8b c9 49 c1
0x00007ff93971b7f0:   ea 04 4d 85 d2 74 25 66 0f 1f 84 00 00 00 00 00
0x00007ff93971b800:   66 0f 6f 02 41 ff c1 48 83 c7 10 41 8b c1 66 0f
0x00007ff93971b810:   e7 47 f0 48 83 c2 10 49 3b c2 72 e4 0f 28 74 24 


Register to memory mapping:

RAX=0x0000000000000000 is an unknown value
RBX=0x0000000028e33000 is an unknown value
RCX=0x0000000000000000 is an unknown value
RDX=0x0000000000000000 is an unknown value
RSP=0x000000000234bc50 is pointing into the stack for thread: 0x0000000002362800
RBP=0x000000000234bd80 is pointing into the stack for thread: 0x0000000002362800
RSI=0x000000001d8d03a0 is an unknown value
RDI=0x0000000028e33000 is an unknown value
R8 =0x0000000000000040 is an unknown value
R9 =0x0000000000000000 is an unknown value
R10=0x0000000000000004 is an unknown value
R11=0x0000000000000202 is an unknown value
R12=0x0000000000000000 is an unknown value
R13=0x0000000000000000 is an unknown value
R14=0x000000000234c3f8 is pointing into the stack for thread: 0x0000000002362800
R15=0x0000000000000010 is an unknown value


Stack: [0x0000000002250000,0x0000000002350000],  sp=0x000000000234bc50,  free space=1007k
Native frames: (J=compiled Java code, j=interpreted, Vv=VM code, C=native code)
C  [ig75icd64.dll+0x9b800]
C  [ig75icd64.dll+0x281345]
C  [ig75icd64.dll+0x19aebe]
C  [ig75icd64.dll+0x2899df]
C  [ig75icd64.dll+0x2893d2]
C  [ig75icd64.dll+0x2a9ec4]
C  [ig75icd64.dll+0x4b992c]
C  0x0000000002485e34

Java frames: (J=compiled Java code, j=interpreted, Vv=VM code)
j  org.lwjgl.opengl.GL11.nglDrawArrays(IIIJ)V+0
j  org.lwjgl.opengl.GL11.glDrawArrays(III)V+20
j  com.game.guis.GuiRenderer.render(Ljava/util/List;)V+118
j  com.game.engineTester.MainGameLoop.run()V+545
j  com.Client.<init>()V+22
j  com.Client.main([Ljava/lang/String;)V+4
v  ~StubRoutines::call_stub
j  sun.reflect.NativeMethodAccessorImpl.invoke0(Ljava/lang/reflect/Method;Ljava/lang/Object;[Ljava/lang/Object;)Ljava/lang/Object;+0
j  sun.reflect.NativeMethodAccessorImpl.invoke(Ljava/lang/Object;[Ljava/lang/Object;)Ljava/lang/Object;+100
j  sun.reflect.DelegatingMethodAccessorImpl.invoke(Ljava/lang/Object;[Ljava/lang/Object;)Ljava/lang/Object;+6
j  java.lang.reflect.Method.invoke(Ljava/lang/Object;[Ljava/lang/Object;)Ljava/lang/Object;+56
j  com.intellij.rt.execution.application.AppMain.main([Ljava/lang/String;)V+180
v  ~StubRoutines::call_stub

---------------  P R O C E S S  ---------------

Java Threads: ( => current thread )
  0x0000000019555000 JavaThread "Java2D Disposer" daemon [_thread_blocked, id=18316, stack(0x0000000026dd0000,0x0000000026ed0000)]
  0x0000000018b27000 JavaThread "Monitor Ctrl-Break" daemon [_thread_in_native, id=19840, stack(0x0000000018f90000,0x0000000019090000)]
  0x0000000018920800 JavaThread "Service Thread" daemon [_thread_blocked, id=13624, stack(0x0000000018d00000,0x0000000018e00000)]
  0x0000000016fc8000 JavaThread "C1 CompilerThread2" daemon [_thread_blocked, id=18708, stack(0x0000000018800000,0x0000000018900000)]
  0x0000000016fc1000 JavaThread "C2 CompilerThread1" daemon [_thread_blocked, id=20100, stack(0x0000000018700000,0x0000000018800000)]
  0x0000000016fbf000 JavaThread "C2 CompilerThread0" daemon [_thread_blocked, id=17596, stack(0x0000000018600000,0x0000000018700000)]
  0x0000000016fbd000 JavaThread "Attach Listener" daemon [_thread_blocked, id=18620, stack(0x0000000018500000,0x0000000018600000)]
  0x0000000016fbc000 JavaThread "Signal Dispatcher" daemon [_thread_blocked, id=11904, stack(0x0000000018400000,0x0000000018500000)]
  0x0000000002458000 JavaThread "Finalizer" daemon [_thread_blocked, id=20040, stack(0x0000000018210000,0x0000000018310000)]
  0x000000000244f000 JavaThread "Reference Handler" daemon [_thread_blocked, id=19512, stack(0x0000000018110000,0x0000000018210000)]
=>0x0000000002362800 JavaThread "main" [_thread_in_native, id=18500, stack(0x0000000002250000,0x0000000002350000)]

Other Threads:
  0x0000000016f88000 VMThread [stack: 0x0000000018010000,0x0000000018110000] [id=19492]
  0x0000000018949800 WatcherThread [stack: 0x0000000018e00000,0x0000000018f00000] [id=18844]

VM state:not at safepoint (normal execution)

VM Mutex/Monitor currently owned by a thread: None

Heap:
 PSYoungGen      total 38400K, used 20228K [0x00000000d5f80000, 0x00000000d8a00000, 0x0000000100000000)
  eden space 33280K, 60% used [0x00000000d5f80000,0x00000000d7341060,0x00000000d8000000)
  from space 5120K, 0% used [0x00000000d8500000,0x00000000d8500000,0x00000000d8a00000)
  to   space 5120K, 0% used [0x00000000d8000000,0x00000000d8000000,0x00000000d8500000)
 ParOldGen       total 87552K, used 0K [0x0000000081e00000, 0x0000000087380000, 0x00000000d5f80000)
  object space 87552K, 0% used [0x0000000081e00000,0x0000000081e00000,0x0000000087380000)
 Metaspace       used 8721K, capacity 8901K, committed 9216K, reserved 1056768K
  class space    used 888K, capacity 953K, committed 1024K, reserved 1048576K

Card table byte_map: [0x0000000011830000,0x0000000011c30000] byte_map_base: 0x0000000011421000

Marking Bits: (ParMarkBitMap*) 0x00000000544ba5b0
 Begin Bits: [0x00000000122e0000, 0x0000000014268000)
 End Bits:   [0x0000000014268000, 0x00000000161f0000)

Polling page: 0x0000000002230000

CodeCache: size=245760Kb used=2967Kb max_used=2967Kb free=242792Kb
 bounds [0x0000000002470000, 0x0000000002760000, 0x0000000011470000]
 total_blobs=1200 nmethods=741 adapters=372
 compilation: enabled

Compilation events (10 events):
Event: 1.650 Thread 0x0000000016fc8000 nmethod 735 0x0000000002752850 code [0x00000000027529e0, 0x0000000002752e30]
Event: 1.650 Thread 0x0000000016fc8000  737       3       com.game.toolbox.MousePicker::getTerrain (5 bytes)
Event: 1.650 Thread 0x0000000016fc8000 nmethod 737 0x0000000002748bd0 code [0x0000000002748d20, 0x0000000002748e70]
Event: 1.650 Thread 0x0000000016fc8000  736       3       com.game.toolbox.MousePicker::isUnderGround (45 bytes)
Event: 1.651 Thread 0x0000000016fc8000 nmethod 736 0x00000000027530d0 code [0x0000000002753260, 0x00000000027537c8]
Event: 1.651 Thread 0x0000000016fc8000  738       3       com.game.terrains.Terrain::getHeightOfTerrain (280 bytes)
Event: 1.653 Thread 0x0000000016fc8000 nmethod 738 0x00000000027539d0 code [0x0000000002753d60, 0x0000000002755458]
Event: 1.664 Thread 0x0000000016fc8000  739       3       java.nio.DirectFloatBufferU::ix (10 bytes)
Event: 1.664 Thread 0x0000000016fc8000 nmethod 739 0x0000000002756850 code [0x00000000027569a0, 0x0000000002756b10]
Event: 1.668 Thread 0x0000000016fc8000  740       3       java.nio.DirectFloatBufferU::put (17 bytes)

GC Heap History (0 events):
No events

Deoptimization events (1 events):
Event: 1.556 Thread 0x0000000002362800 Uncommon trap: reason=unstable_if action=reinterpret pc=0x0000000002742748 method=com.game.terrains.Terrain.getHeight(IILjava/awt/image/BufferedImage;)F @ 21

Internal exceptions (10 events):
Event: 0.353 Thread 0x0000000002362800 Exception <a 'java/lang/ClassNotFoundException': org/apache/log4j/AppenderSkeletonCustomizer> (0x00000000d64be438) thrown at [C:\re\workspace\8-2-build-windows-amd64-cygwin\jdk8u60\4407\hotspot\src\share\vm\classfile\systemDictionary.cpp, line 210]
Event: 0.355 Thread 0x0000000002362800 Exception <a 'java/lang/ClassNotFoundException': org/apache/log4j/WriterAppenderCustomizer> (0x00000000d64db7f0) thrown at [C:\re\workspace\8-2-build-windows-amd64-cygwin\jdk8u60\4407\hotspot\src\share\vm\classfile\systemDictionary.cpp, line 210]
Event: 0.357 Thread 0x0000000002362800 Exception <a 'java/lang/ClassNotFoundException': org/apache/log4j/ConsoleAppenderCustomizer> (0x00000000d64f01b8) thrown at [C:\re\workspace\8-2-build-windows-amd64-cygwin\jdk8u60\4407\hotspot\src\share\vm\classfile\systemDictionary.cpp, line 210]
Event: 0.366 Thread 0x0000000002362800 Exception <a 'java/lang/ClassNotFoundException': org/apache/log4j/RollingFileAppenderBeanInfo> (0x00000000d652dc18) thrown at [C:\re\workspace\8-2-build-windows-amd64-cygwin\jdk8u60\4407\hotspot\src\share\vm\classfile\systemDictionary.cpp, line 210]
Event: 0.366 Thread 0x0000000002362800 Exception <a 'java/lang/ClassNotFoundException': org/apache/log4j/FileAppenderBeanInfo> (0x00000000d6535f58) thrown at [C:\re\workspace\8-2-build-windows-amd64-cygwin\jdk8u60\4407\hotspot\src\share\vm\classfile\systemDictionary.cpp, line 210]
Event: 0.367 Thread 0x0000000002362800 Exception <a 'java/lang/ClassNotFoundException': org/apache/log4j/FileAppenderCustomizer> (0x00000000d653e800) thrown at [C:\re\workspace\8-2-build-windows-amd64-cygwin\jdk8u60\4407\hotspot\src\share\vm\classfile\systemDictionary.cpp, line 210]
Event: 0.369 Thread 0x0000000002362800 Exception <a 'java/lang/ClassNotFoundException': org/apache/log4j/RollingFileAppenderCustomizer> (0x00000000d6553dc8) thrown at [C:\re\workspace\8-2-build-windows-amd64-cygwin\jdk8u60\4407\hotspot\src\share\vm\classfile\systemDictionary.cpp, line 210]
Event: 1.421 Thread 0x0000000002362800 Exception <a 'java/io/FileNotFoundException'> (0x00000000d6c89bc8) thrown at [C:\re\workspace\8-2-build-windows-amd64-cygwin\jdk8u60\4407\hotspot\src\share\vm\prims\jni.cpp, line 709]
Event: 1.467 Thread 0x0000000002362800 Exception <a 'java/lang/NoSuchFieldError': method resolution failed> (0x00000000d6dea0c8) thrown at [C:\re\workspace\8-2-build-windows-amd64-cygwin\jdk8u60\4407\hotspot\src\share\vm\prims\methodHandles.cpp, line 1146]
Event: 1.469 Thread 0x0000000002362800 Exception <a 'java/lang/NoSuchFieldError': method resolution failed> (0x00000000d6df77b8) thrown at [C:\re\workspace\8-2-build-windows-amd64-cygwin\jdk8u60\4407\hotspot\src\share\vm\prims\methodHandles.cpp, line 1146]

Events (10 events):
Event: 1.628 loading class com/game/handler/MouseHandler
Event: 1.628 loading class com/game/handler/MouseHandler done
Event: 1.631 loading class com/game/guis/GuiRenderer
Event: 1.631 loading class com/game/guis/GuiRenderer done
Event: 1.633 loading class com/game/guis/GuiShader
Event: 1.633 loading class com/game/guis/GuiShader done
Event: 1.640 loading class com/game/guis/GuiTexture
Event: 1.640 loading class com/game/guis/GuiTexture done
Event: 1.644 loading class java/lang/StrictMath
Event: 1.644 loading class java/lang/StrictMath done


Dynamic libraries:
0x00007ff71d5d0000 - 0x00007ff71d607000 	C:\Program Files\Java\jdk1.8.0_60\bin\java.exe
0x00007ff9679e0000 - 0x00007ff967b8d000 	C:\Windows\SYSTEM32\ntdll.dll
0x00007ff967150000 - 0x00007ff96728e000 	C:\Windows\system32\KERNEL32.DLL
0x00007ff964ef0000 - 0x00007ff965005000 	C:\Windows\system32\KERNELBASE.dll
0x00007ff967770000 - 0x00007ff96781a000 	C:\Windows\system32\ADVAPI32.DLL
0x00007ff965260000 - 0x00007ff96530a000 	C:\Windows\system32\msvcrt.dll
0x00007ff967030000 - 0x00007ff967089000 	C:\Windows\SYSTEM32\sechost.dll
0x00007ff967480000 - 0x00007ff9675c1000 	C:\Windows\system32\RPCRT4.dll
0x00007ff9636d0000 - 0x00007ff96375e000 	C:\Windows\system32\apphelp.dll
0x00007ff95f7c0000 - 0x00007ff95f813000 	C:\Windows\AppPatch\AppPatch64\AcGenral.DLL
0x00007ff9649d0000 - 0x00007ff9649fe000 	C:\Windows\SYSTEM32\SspiCli.dll
0x00007ff965060000 - 0x00007ff9650b4000 	C:\Windows\system32\SHLWAPI.dll
0x00007ff967290000 - 0x00007ff967407000 	C:\Windows\system32\USER32.dll
0x00007ff9650c0000 - 0x00007ff965254000 	C:\Windows\system32\ole32.dll
0x00007ff9657d0000 - 0x00007ff966cfa000 	C:\Windows\system32\SHELL32.dll
0x00007ff964150000 - 0x00007ff964171000 	C:\Windows\SYSTEM32\USERENV.dll
0x00007ff955fc0000 - 0x00007ff955fde000 	C:\Windows\SYSTEM32\MPR.dll
0x00007ff9655a0000 - 0x00007ff9657b1000 	C:\Windows\SYSTEM32\combase.dll
0x00007ff965310000 - 0x00007ff965460000 	C:\Windows\system32\GDI32.dll
0x00007ff964b30000 - 0x00007ff964b45000 	C:\Windows\SYSTEM32\profapi.dll
0x00007ff963190000 - 0x00007ff963242000 	C:\Windows\SYSTEM32\SHCORE.dll
0x00007ff9675d0000 - 0x00007ff967606000 	C:\Windows\system32\IMM32.DLL
0x00007ff967610000 - 0x00007ff967762000 	C:\Windows\system32\MSCTF.dll
0x0000000056d00000 - 0x0000000056d87000 	C:\Windows\System32\SYSFER.DLL
0x00007ff962ab0000 - 0x00007ff962d2a000 	C:\Windows\WinSxS\amd64_microsoft.windows.common-controls_6595b64144ccf1df_6.0.9600.17810_none_6240b9c7ecbd0bda\COMCTL32.dll
0x0000000054540000 - 0x0000000054612000 	C:\Program Files\Java\jdk1.8.0_60\jre\bin\msvcr100.dll
0x0000000053cb0000 - 0x0000000054539000 	C:\Program Files\Java\jdk1.8.0_60\jre\bin\server\jvm.dll
0x00007ff953290000 - 0x00007ff953299000 	C:\Windows\SYSTEM32\WSOCK32.dll
0x00007ff9582e0000 - 0x00007ff958302000 	C:\Windows\SYSTEM32\WINMM.dll
0x00007ff95a680000 - 0x00007ff95a68a000 	C:\Windows\SYSTEM32\VERSION.dll
0x00007ff9657c0000 - 0x00007ff9657c7000 	C:\Windows\system32\PSAPI.DLL
0x00007ff967410000 - 0x00007ff96746a000 	C:\Windows\system32\WS2_32.dll
0x00007ff9582b0000 - 0x00007ff9582da000 	C:\Windows\SYSTEM32\WINMMBASE.dll
0x00007ff967820000 - 0x00007ff967829000 	C:\Windows\system32\NSI.dll
0x00007ff965010000 - 0x00007ff96505f000 	C:\Windows\SYSTEM32\cfgmgr32.dll
0x00007ff963920000 - 0x00007ff963948000 	C:\Windows\SYSTEM32\DEVOBJ.dll
0x0000000055590000 - 0x000000005559f000 	C:\Program Files\Java\jdk1.8.0_60\jre\bin\verify.dll
0x0000000054690000 - 0x00000000546b9000 	C:\Program Files\Java\jdk1.8.0_60\jre\bin\java.dll
0x0000000053c90000 - 0x0000000053ca6000 	C:\Program Files\Java\jdk1.8.0_60\jre\bin\zip.dll
0x00007ff95f770000 - 0x00007ff95f780000 	C:\Program Files (x86)\JetBrains\IntelliJ IDEA Community Edition 2016.1.1\bin\breakgen64.dll
0x0000000053c70000 - 0x0000000053c8a000 	C:\Program Files\Java\jdk1.8.0_60\jre\bin\net.dll
0x00007ff964410000 - 0x00007ff964469000 	C:\Windows\system32\mswsock.dll
0x0000000180000000 - 0x0000000180053000 	C:\work\sravia\kryonet\libs\native\windows\lwjgl64.dll
0x00007ff94a870000 - 0x00007ff94a99b000 	C:\Windows\SYSTEM32\OPENGL32.dll
0x00007ff94b120000 - 0x00007ff94b14e000 	C:\Windows\SYSTEM32\GLU32.dll
0x00007ff94add0000 - 0x00007ff94aec8000 	C:\Windows\SYSTEM32\DDRAW.dll
0x00007ff94b3b0000 - 0x00007ff94b3b9000 	C:\Windows\SYSTEM32\DCIMAN32.dll
0x00007ff9637a0000 - 0x00007ff9638c9000 	C:\Windows\system32\uxtheme.dll
0x00007ff962f90000 - 0x00007ff962fb1000 	C:\Windows\system32\dwmapi.dll
0x00007ff939680000 - 0x00007ff939fb2000 	C:\Windows\SYSTEM32\ig75icd64.dll
0x00007ff95fef0000 - 0x00007ff9608d4000 	C:\Windows\SYSTEM32\igdusc64.dll
0x00007ff9636b0000 - 0x00007ff9636c2000 	C:\Windows\SYSTEM32\WTSAPI32.dll
0x00007ff963990000 - 0x00007ff96399b000 	C:\Windows\SYSTEM32\kernel.appcore.dll
0x00007ff964a70000 - 0x00007ff964a7b000 	C:\Windows\SYSTEM32\CRYPTBASE.dll
0x00007ff964a00000 - 0x00007ff964a63000 	C:\Windows\SYSTEM32\bcryptPrimitives.dll
0x00007ff949d70000 - 0x00007ff949e02000 	C:\Windows\SYSTEM32\mscms.dll
0x00007ff949080000 - 0x00007ff9490c1000 	C:\Windows\SYSTEM32\icm32.dll
0x00007ff964180000 - 0x00007ff9641c6000 	C:\Windows\SYSTEM32\powrprof.dll
0x00000000539e0000 - 0x0000000053b78000 	C:\Program Files\Java\jdk1.8.0_60\jre\bin\awt.dll
0x00007ff965460000 - 0x00007ff965521000 	C:\Windows\system32\OLEAUT32.dll
0x00007ff958310000 - 0x00007ff958499000 	C:\Windows\SYSTEM32\dbghelp.dll

VM Arguments:
jvm_args: -Djava.library.path=libs/native/windows/ -Didea.launcher.port=7541 -Didea.launcher.bin.path=C:\Program Files (x86)\JetBrains\IntelliJ IDEA Community Edition 2016.1.1\bin -Dfile.encoding=UTF-8 
java_command: com.intellij.rt.execution.application.AppMain com.Client
java_class_path (initial): C:\Program Files\Java\jdk1.8.0_60\jre\lib\charsets.jar;C:\Program Files\Java\jdk1.8.0_60\jre\lib\deploy.jar;C:\Program Files\Java\jdk1.8.0_60\jre\lib\javaws.jar;C:\Program Files\Java\jdk1.8.0_60\jre\lib\jce.jar;C:\Program Files\Java\jdk1.8.0_60\jre\lib\jfr.jar;C:\Program Files\Java\jdk1.8.0_60\jre\lib\jfxswt.jar;C:\Program Files\Java\jdk1.8.0_60\jre\lib\jsse.jar;C:\Program Files\Java\jdk1.8.0_60\jre\lib\management-agent.jar;C:\Program Files\Java\jdk1.8.0_60\jre\lib\plugin.jar;C:\Program Files\Java\jdk1.8.0_60\jre\lib\resources.jar;C:\Program Files\Java\jdk1.8.0_60\jre\lib\rt.jar;C:\Program Files\Java\jdk1.8.0_60\jre\lib\ext\access-bridge-64.jar;C:\Program Files\Java\jdk1.8.0_60\jre\lib\ext\cldrdata.jar;C:\Program Files\Java\jdk1.8.0_60\jre\lib\ext\dnsns.jar;C:\Program Files\Java\jdk1.8.0_60\jre\lib\ext\jaccess.jar;C:\Program Files\Java\jdk1.8.0_60\jre\lib\ext\jfxrt.jar;C:\Program Files\Java\jdk1.8.0_60\jre\lib\ext\localedata.jar;C:\Program Files\Java\jdk1.8.0_60\jre\lib\ext\nashorn.jar;C:\Program Files\Java\jdk1.8.0_60\jre\lib\ext\sunec.jar;C:\Program Files\Java\jdk1.8.0_60\jre\lib\ext\sunjce_provider.jar;C:\Program Files\Java\jdk1.8.0_60\jre\lib\ext\sunmscapi.jar;C:\Program Files\Java\jdk1.8.0_60\jre\lib\ext\sunpkcs11.jar;C:\Program Files\Java\jdk1.8.0_60\jre\lib\ext\zipfs.jar;C:\work\sravia\kryonet\client\target\classes;C:\Users\aivars.sazanovics\.m2\repository\com\esotericsoftware\kryonet\2.22.0-RC1\kryonet-2.22.0-RC1.jar;C:\Users\aivars.sazanovics\.m2\repository\com\esotericsoftware\kryo\kryo\2.24.0\kryo-2.24.0.jar;C:\Users\aivars.sazanovics\.m2\repository\com\esotericsoftware\minlog\minlog\1.2\minlog-1.2.jar;C:\Users\aivars.sazanovics\.m2\repository\org\objenesis\objenesis\2.1\objenesis-2.1.jar;C:\Users\aivars.sazanovics\.m2\repository\com\esotericsoftware\jsonbeans\0.7\jsonbeans-0.7.jar;C:\Users\aivars.sazanovics\.m2\repository\org\lwjgl\lwjgl\lwjgl\2.9.3\lwjgl-2.9.3.jar;C:\Users\aivars.sazanovics\.m2\repository\org\lwjgl\lwjgl\lwj
Launcher Type: SUN_STANDARD

Environment Variables:
JAVA_HOME=C:\Program Files\Java\jdk1.7.0_79
JRE_HOME=C:\Program Files (x86)\Java\jre1.8.0_60
PATH=C:\Program Files (x86)\Google\Chrome\Application;C:\ProgramData\Oracle\Java\javapath;C:\Windows\system32;C:\Windows;C:\Windows\System32\Wbem;C:\Windows\System32\WindowsPowerShell\v1.0\;M2_HOME\bin%;%ANT_HOME\bin%;C:\Program Files (x86)\Java\jre1.8.0_60\bin;C:\work\liferay-portal-6.1.2-ce-ga3\tomcat-7.0.40\bin;C:\Program Files\Java\jdk1.7.0_79\bin;C:\apache-maven-3.3.3\bin;C:\apache-ant-1.9.6\bin;C:\Program Files\TortoiseSVN\bin;C:\Program Files\TortoiseGit\bin;C:\Program Files (x86)\Brackets\command;C:\Program Files (x86)\nodejs\;C:\Users\aivars.sazanovics\AppData\Roaming\npm
USERNAME=aivars.sazanovics
OS=Windows_NT
PROCESSOR_IDENTIFIER=Intel64 Family 6 Model 69 Stepping 1, GenuineIntel



---------------  S Y S T E M  ---------------

OS: Windows 8.1 , 64 bit Build 9600 (6.3.9600.17415)

CPU:total 4 (2 cores per cpu, 2 threads per core) family 6 model 69 stepping 1, cmov, cx8, fxsr, mmx, sse, sse2, sse3, ssse3, sse4.1, sse4.2, popcnt, avx, avx2, aes, clmul, erms, lzcnt, ht, tsc, tscinvbit, bmi1, bmi2

Memory: 4k page, physical 8257628k(1343804k free), swap 14574036k(3208768k free)

vm_info: Java HotSpot(TM) 64-Bit Server VM (25.60-b23) for windows-amd64 JRE (1.8.0_60-b27), built on Aug  4 2015 11:06:27 by "java_re" with MS VC++ 10.0 (VS2010)

time: Thu Apr 14 15:44:24 2016
elapsed time: 1 seconds (0d 0h 0m 1s)

