#
# A fatal error has been detected by the Java Runtime Environment:
#
#  EXCEPTION_ACCESS_VIOLATION (0xc0000005) at pc=0x00007ff93971b800, pid=20196, tid=19760
#
# JRE version: Java(TM) SE Runtime Environment (8.0_60-b27) (build 1.8.0_60-b27)
# Java VM: Java HotSpot(TM) 64-Bit Server VM (25.60-b23 mixed mode windows-amd64 compressed oops)
# Problematic frame:
# C  [ig75icd64.dll+0x9b800]
#
# Failed to write core dump. Minidumps are not enabled by default on client versions of Windows
#
# If you would like to submit a bug report, please visit:
#   http://bugreport.java.com/bugreport/crash.jsp
# The crash happened outside the Java Virtual Machine in native code.
# See problematic frame for where to report the bug.
#

---------------  T H R E A D  ---------------

Current thread (0x00000000028e2800):  JavaThread "main" [_thread_in_native, id=19760, stack(0x00000000027e0000,0x00000000028e0000)]

siginfo: ExceptionCode=0xc0000005, reading address 0x0000000000000000

Registers:
RAX=0x0000000000000000, RBX=0x0000000029313000, RCX=0x0000000000000000, RDX=0x0000000000000000
RSP=0x00000000028db8f0, RBP=0x00000000028dba20, RSI=0x000000001d1d1fc0, RDI=0x0000000029313000
R8 =0x0000000000000040, R9 =0x0000000000000000, R10=0x0000000000000004, R11=0x0000000000000202
R12=0x0000000000000000, R13=0x0000000000000000, R14=0x00000000028dc098, R15=0x0000000000000010
RIP=0x00007ff93971b800, EFLAGS=0x0000000000010202

Top of Stack: (sp=0x00000000028db8f0)
0x00000000028db8f0:   cafebabecafebabe 0000000000000000
0x00000000028db900:   0000000000000000 0000000000000000
0x00000000028db910:   0000000000d15e40 00007ff939901345
0x00000000028db920:   0000000000000002 000000001d1d1fc0
0x00000000028db930:   00000000028dba20 00007ff96085208e
0x00000000028db940:   00007ff96084ba01 0000000000000000
0x00000000028db950:   00000000028dc098 0000000100000040
0x00000000028db960:   0000000200000000 0000000100000000
0x00000000028db970:   0000000000000001 0000000000d3a3a8
0x00000000028db980:   00007ff900000001 0000000000000000
0x00000000028db990:   0000000000000004 000000001dedce80
0x00000000028db9a0:   000000001dedcf30 00007ff9ce0816d0
0x00000000028db9b0:   0000000000000001 0000000019f120e0
0x00000000028db9c0:   00007ff900000000 000000001dd85460
0x00000000028db9d0:   0000000000000001 0000000000000001
0x00000000028db9e0:   0000000019f120f4 00007ff900000014 

Instructions: (pc=0x00007ff93971b800)
0x00007ff93971b7e0:   72 9e 41 83 e0 7f 74 34 45 8b d0 44 8b c9 49 c1
0x00007ff93971b7f0:   ea 04 4d 85 d2 74 25 66 0f 1f 84 00 00 00 00 00
0x00007ff93971b800:   66 0f 6f 02 41 ff c1 48 83 c7 10 41 8b c1 66 0f
0x00007ff93971b810:   e7 47 f0 48 83 c2 10 49 3b c2 72 e4 0f 28 74 24 


Register to memory mapping:

RAX=0x0000000000000000 is an unknown value
RBX=0x0000000029313000 is an unknown value
RCX=0x0000000000000000 is an unknown value
RDX=0x0000000000000000 is an unknown value
RSP=0x00000000028db8f0 is pointing into the stack for thread: 0x00000000028e2800
RBP=0x00000000028dba20 is pointing into the stack for thread: 0x00000000028e2800
RSI=0x000000001d1d1fc0 is an unknown value
RDI=0x0000000029313000 is an unknown value
R8 =0x0000000000000040 is an unknown value
R9 =0x0000000000000000 is an unknown value
R10=0x0000000000000004 is an unknown value
R11=0x0000000000000202 is an unknown value
R12=0x0000000000000000 is an unknown value
R13=0x0000000000000000 is an unknown value
R14=0x00000000028dc098 is pointing into the stack for thread: 0x00000000028e2800
R15=0x0000000000000010 is an unknown value


Stack: [0x00000000027e0000,0x00000000028e0000],  sp=0x00000000028db8f0,  free space=1006k
Native frames: (J=compiled Java code, j=interpreted, Vv=VM code, C=native code)
C  [ig75icd64.dll+0x9b800]
C  [ig75icd64.dll+0x281345]
C  [ig75icd64.dll+0x19aebe]
C  [ig75icd64.dll+0x2899df]
C  [ig75icd64.dll+0x2893d2]
C  [ig75icd64.dll+0x2a9ec4]
C  [ig75icd64.dll+0x4b992c]
C  0x00000000029f5e34

Java frames: (J=compiled Java code, j=interpreted, Vv=VM code)
j  org.lwjgl.opengl.GL11.nglDrawArrays(IIIJ)V+0
j  org.lwjgl.opengl.GL11.glDrawArrays(III)V+20
j  com.game.guis.GuiRenderer.render(Ljava/util/List;)V+118
j  com.game.engineTester.MainGameLoop.run()V+545
j  com.Client.<init>()V+22
j  com.Client.main([Ljava/lang/String;)V+4
v  ~StubRoutines::call_stub
j  sun.reflect.NativeMethodAccessorImpl.invoke0(Ljava/lang/reflect/Method;Ljava/lang/Object;[Ljava/lang/Object;)Ljava/lang/Object;+0
j  sun.reflect.NativeMethodAccessorImpl.invoke(Ljava/lang/Object;[Ljava/lang/Object;)Ljava/lang/Object;+100
j  sun.reflect.DelegatingMethodAccessorImpl.invoke(Ljava/lang/Object;[Ljava/lang/Object;)Ljava/lang/Object;+6
j  java.lang.reflect.Method.invoke(Ljava/lang/Object;[Ljava/lang/Object;)Ljava/lang/Object;+56
j  com.intellij.rt.execution.application.AppMain.main([Ljava/lang/String;)V+180
v  ~StubRoutines::call_stub

---------------  P R O C E S S  ---------------

Java Threads: ( => current thread )
  0x0000000019943000 JavaThread "Java2D Disposer" daemon [_thread_blocked, id=13424, stack(0x00000000272b0000,0x00000000273b0000)]
  0x0000000019082000 JavaThread "Monitor Ctrl-Break" daemon [_thread_in_native, id=18316, stack(0x0000000019440000,0x0000000019540000)]
  0x0000000018e60800 JavaThread "Service Thread" daemon [_thread_blocked, id=1176, stack(0x0000000019240000,0x0000000019340000)]
  0x0000000017509800 JavaThread "C1 CompilerThread2" daemon [_thread_blocked, id=18200, stack(0x0000000018d40000,0x0000000018e40000)]
  0x0000000017506800 JavaThread "C2 CompilerThread1" daemon [_thread_blocked, id=19272, stack(0x0000000018c40000,0x0000000018d40000)]
  0x0000000017501000 JavaThread "C2 CompilerThread0" daemon [_thread_blocked, id=5580, stack(0x0000000018b40000,0x0000000018c40000)]
  0x00000000174ff800 JavaThread "Attach Listener" daemon [_thread_blocked, id=13736, stack(0x0000000018a40000,0x0000000018b40000)]
  0x00000000174fe000 JavaThread "Signal Dispatcher" daemon [_thread_blocked, id=908, stack(0x0000000018940000,0x0000000018a40000)]
  0x00000000029db000 JavaThread "Finalizer" daemon [_thread_blocked, id=15748, stack(0x0000000018760000,0x0000000018860000)]
  0x00000000029d2000 JavaThread "Reference Handler" daemon [_thread_blocked, id=20260, stack(0x0000000018660000,0x0000000018760000)]
=>0x00000000028e2800 JavaThread "main" [_thread_in_native, id=19760, stack(0x00000000027e0000,0x00000000028e0000)]

Other Threads:
  0x00000000174c7000 VMThread [stack: 0x0000000018560000,0x0000000018660000] [id=4164]
  0x0000000018e9d000 WatcherThread [stack: 0x0000000019340000,0x0000000019440000] [id=16436]

VM state:not at safepoint (normal execution)

VM Mutex/Monitor currently owned by a thread: None

Heap:
 PSYoungGen      total 38400K, used 19975K [0x00000000d5f80000, 0x00000000d8a00000, 0x0000000100000000)
  eden space 33280K, 60% used [0x00000000d5f80000,0x00000000d7301f00,0x00000000d8000000)
  from space 5120K, 0% used [0x00000000d8500000,0x00000000d8500000,0x00000000d8a00000)
  to   space 5120K, 0% used [0x00000000d8000000,0x00000000d8000000,0x00000000d8500000)
 ParOldGen       total 87552K, used 0K [0x0000000081e00000, 0x0000000087380000, 0x00000000d5f80000)
  object space 87552K, 0% used [0x0000000081e00000,0x0000000081e00000,0x0000000087380000)
 Metaspace       used 8716K, capacity 8901K, committed 9216K, reserved 1056768K
  class space    used 888K, capacity 953K, committed 1024K, reserved 1048576K

Card table byte_map: [0x0000000011da0000,0x00000000121a0000] byte_map_base: 0x0000000011991000

Marking Bits: (ParMarkBitMap*) 0x00000000544ba5b0
 Begin Bits: [0x0000000012850000, 0x00000000147d8000)
 End Bits:   [0x00000000147d8000, 0x0000000016760000)

Polling page: 0x0000000002500000

CodeCache: size=245760Kb used=2973Kb max_used=2973Kb free=242786Kb
 bounds [0x00000000029e0000, 0x0000000002cd0000, 0x00000000119e0000]
 total_blobs=1195 nmethods=736 adapters=372
 compilation: enabled

Compilation events (10 events):
Event: 1.618 Thread 0x0000000017509800 nmethod 730 0x0000000002cbaa10 code [0x0000000002cbaba0, 0x0000000002cbaff0]
Event: 1.618 Thread 0x0000000017509800  732       3       com.game.toolbox.MousePicker::getTerrain (5 bytes)
Event: 1.618 Thread 0x0000000017509800 nmethod 732 0x0000000002cc4550 code [0x0000000002cc46a0, 0x0000000002cc47f0]
Event: 1.618 Thread 0x0000000017509800  731       3       com.game.toolbox.MousePicker::isUnderGround (45 bytes)
Event: 1.627 Thread 0x0000000017509800 nmethod 731 0x0000000002cc4890 code [0x0000000002cc4a20, 0x0000000002cc4f88]
Event: 1.627 Thread 0x0000000017509800  733       3       com.game.terrains.Terrain::getHeightOfTerrain (280 bytes)
Event: 1.629 Thread 0x0000000017509800 nmethod 733 0x0000000002cc5190 code [0x0000000002cc5520, 0x0000000002cc6c18]
Event: 1.630 Thread 0x0000000017509800  734       3       java.nio.DirectFloatBufferU::ix (10 bytes)
Event: 1.630 Thread 0x0000000017509800 nmethod 734 0x0000000002cc8010 code [0x0000000002cc8160, 0x0000000002cc82d0]
Event: 1.634 Thread 0x0000000017509800  735       3       java.nio.DirectFloatBufferU::put (17 bytes)

GC Heap History (0 events):
No events

Deoptimization events (1 events):
Event: 1.529 Thread 0x00000000028e2800 Uncommon trap: reason=unstable_if action=reinterpret pc=0x0000000002cb6d88 method=com.game.terrains.Terrain.getHeight(IILjava/awt/image/BufferedImage;)F @ 21

Internal exceptions (10 events):
Event: 0.348 Thread 0x00000000028e2800 Exception <a 'java/lang/ClassNotFoundException': org/apache/log4j/AppenderSkeletonCustomizer> (0x00000000d64be438) thrown at [C:\re\workspace\8-2-build-windows-amd64-cygwin\jdk8u60\4407\hotspot\src\share\vm\classfile\systemDictionary.cpp, line 210]
Event: 0.351 Thread 0x00000000028e2800 Exception <a 'java/lang/ClassNotFoundException': org/apache/log4j/WriterAppenderCustomizer> (0x00000000d64db7f0) thrown at [C:\re\workspace\8-2-build-windows-amd64-cygwin\jdk8u60\4407\hotspot\src\share\vm\classfile\systemDictionary.cpp, line 210]
Event: 0.353 Thread 0x00000000028e2800 Exception <a 'java/lang/ClassNotFoundException': org/apache/log4j/ConsoleAppenderCustomizer> (0x00000000d64f0128) thrown at [C:\re\workspace\8-2-build-windows-amd64-cygwin\jdk8u60\4407\hotspot\src\share\vm\classfile\systemDictionary.cpp, line 210]
Event: 0.362 Thread 0x00000000028e2800 Exception <a 'java/lang/ClassNotFoundException': org/apache/log4j/RollingFileAppenderBeanInfo> (0x00000000d652db88) thrown at [C:\re\workspace\8-2-build-windows-amd64-cygwin\jdk8u60\4407\hotspot\src\share\vm\classfile\systemDictionary.cpp, line 210]
Event: 0.362 Thread 0x00000000028e2800 Exception <a 'java/lang/ClassNotFoundException': org/apache/log4j/FileAppenderBeanInfo> (0x00000000d6535ec8) thrown at [C:\re\workspace\8-2-build-windows-amd64-cygwin\jdk8u60\4407\hotspot\src\share\vm\classfile\systemDictionary.cpp, line 210]
Event: 0.363 Thread 0x00000000028e2800 Exception <a 'java/lang/ClassNotFoundException': org/apache/log4j/FileAppenderCustomizer> (0x00000000d653e770) thrown at [C:\re\workspace\8-2-build-windows-amd64-cygwin\jdk8u60\4407\hotspot\src\share\vm\classfile\systemDictionary.cpp, line 210]
Event: 0.365 Thread 0x00000000028e2800 Exception <a 'java/lang/ClassNotFoundException': org/apache/log4j/RollingFileAppenderCustomizer> (0x00000000d6553d10) thrown at [C:\re\workspace\8-2-build-windows-amd64-cygwin\jdk8u60\4407\hotspot\src\share\vm\classfile\systemDictionary.cpp, line 210]
Event: 1.406 Thread 0x00000000028e2800 Exception <a 'java/io/FileNotFoundException'> (0x00000000d6c8b300) thrown at [C:\re\workspace\8-2-build-windows-amd64-cygwin\jdk8u60\4407\hotspot\src\share\vm\prims\jni.cpp, line 709]
Event: 1.444 Thread 0x00000000028e2800 Exception <a 'java/lang/NoSuchFieldError': method resolution failed> (0x00000000d6deb858) thrown at [C:\re\workspace\8-2-build-windows-amd64-cygwin\jdk8u60\4407\hotspot\src\share\vm\prims\methodHandles.cpp, line 1146]
Event: 1.446 Thread 0x00000000028e2800 Exception <a 'java/lang/NoSuchFieldError': method resolution failed> (0x00000000d6df8f48) thrown at [C:\re\workspace\8-2-build-windows-amd64-cygwin\jdk8u60\4407\hotspot\src\share\vm\prims\methodHandles.cpp, line 1146]

Events (10 events):
Event: 1.596 loading class com/game/handler/MouseHandler
Event: 1.596 loading class com/game/handler/MouseHandler done
Event: 1.598 loading class com/game/guis/GuiRenderer
Event: 1.598 loading class com/game/guis/GuiRenderer done
Event: 1.601 loading class com/game/guis/GuiShader
Event: 1.601 loading class com/game/guis/GuiShader done
Event: 1.607 loading class com/game/guis/GuiTexture
Event: 1.607 loading class com/game/guis/GuiTexture done
Event: 1.611 loading class java/lang/StrictMath
Event: 1.612 loading class java/lang/StrictMath done


Dynamic libraries:
0x00007ff71d5d0000 - 0x00007ff71d607000 	C:\Program Files\Java\jdk1.8.0_60\bin\java.exe
0x00007ff9679e0000 - 0x00007ff967b8d000 	C:\Windows\SYSTEM32\ntdll.dll
0x00007ff967150000 - 0x00007ff96728e000 	C:\Windows\system32\KERNEL32.DLL
0x00007ff964ef0000 - 0x00007ff965005000 	C:\Windows\system32\KERNELBASE.dll
0x00007ff967770000 - 0x00007ff96781a000 	C:\Windows\system32\ADVAPI32.DLL
0x00007ff965260000 - 0x00007ff96530a000 	C:\Windows\system32\msvcrt.dll
0x00007ff967030000 - 0x00007ff967089000 	C:\Windows\SYSTEM32\sechost.dll
0x00007ff967480000 - 0x00007ff9675c1000 	C:\Windows\system32\RPCRT4.dll
0x00007ff9636d0000 - 0x00007ff96375e000 	C:\Windows\system32\apphelp.dll
0x00007ff95f7c0000 - 0x00007ff95f813000 	C:\Windows\AppPatch\AppPatch64\AcGenral.DLL
0x00007ff9649d0000 - 0x00007ff9649fe000 	C:\Windows\SYSTEM32\SspiCli.dll
0x00007ff965060000 - 0x00007ff9650b4000 	C:\Windows\system32\SHLWAPI.dll
0x00007ff967290000 - 0x00007ff967407000 	C:\Windows\system32\USER32.dll
0x00007ff9650c0000 - 0x00007ff965254000 	C:\Windows\system32\ole32.dll
0x00007ff9657d0000 - 0x00007ff966cfa000 	C:\Windows\system32\SHELL32.dll
0x00007ff964150000 - 0x00007ff964171000 	C:\Windows\SYSTEM32\USERENV.dll
0x00007ff955fc0000 - 0x00007ff955fde000 	C:\Windows\SYSTEM32\MPR.dll
0x00007ff9655a0000 - 0x00007ff9657b1000 	C:\Windows\SYSTEM32\combase.dll
0x00007ff965310000 - 0x00007ff965460000 	C:\Windows\system32\GDI32.dll
0x00007ff964b30000 - 0x00007ff964b45000 	C:\Windows\SYSTEM32\profapi.dll
0x00007ff963190000 - 0x00007ff963242000 	C:\Windows\SYSTEM32\SHCORE.dll
0x00007ff9675d0000 - 0x00007ff967606000 	C:\Windows\system32\IMM32.DLL
0x00007ff967610000 - 0x00007ff967762000 	C:\Windows\system32\MSCTF.dll
0x0000000056d00000 - 0x0000000056d87000 	C:\Windows\System32\SYSFER.DLL
0x00007ff962ab0000 - 0x00007ff962d2a000 	C:\Windows\WinSxS\amd64_microsoft.windows.common-controls_6595b64144ccf1df_6.0.9600.17810_none_6240b9c7ecbd0bda\COMCTL32.dll
0x0000000054540000 - 0x0000000054612000 	C:\Program Files\Java\jdk1.8.0_60\jre\bin\msvcr100.dll
0x0000000053cb0000 - 0x0000000054539000 	C:\Program Files\Java\jdk1.8.0_60\jre\bin\server\jvm.dll
0x00007ff953290000 - 0x00007ff953299000 	C:\Windows\SYSTEM32\WSOCK32.dll
0x00007ff9582e0000 - 0x00007ff958302000 	C:\Windows\SYSTEM32\WINMM.dll
0x00007ff95a680000 - 0x00007ff95a68a000 	C:\Windows\SYSTEM32\VERSION.dll
0x00007ff9657c0000 - 0x00007ff9657c7000 	C:\Windows\system32\PSAPI.DLL
0x00007ff967410000 - 0x00007ff96746a000 	C:\Windows\system32\WS2_32.dll
0x00007ff9582b0000 - 0x00007ff9582da000 	C:\Windows\SYSTEM32\WINMMBASE.dll
0x00007ff967820000 - 0x00007ff967829000 	C:\Windows\system32\NSI.dll
0x00007ff965010000 - 0x00007ff96505f000 	C:\Windows\SYSTEM32\cfgmgr32.dll
0x00007ff963920000 - 0x00007ff963948000 	C:\Windows\SYSTEM32\DEVOBJ.dll
0x0000000055590000 - 0x000000005559f000 	C:\Program Files\Java\jdk1.8.0_60\jre\bin\verify.dll
0x0000000054690000 - 0x00000000546b9000 	C:\Program Files\Java\jdk1.8.0_60\jre\bin\java.dll
0x0000000053c90000 - 0x0000000053ca6000 	C:\Program Files\Java\jdk1.8.0_60\jre\bin\zip.dll
0x00007ff960950000 - 0x00007ff960960000 	C:\Program Files (x86)\JetBrains\IntelliJ IDEA Community Edition 2016.1.1\bin\breakgen64.dll
0x0000000053c70000 - 0x0000000053c8a000 	C:\Program Files\Java\jdk1.8.0_60\jre\bin\net.dll
0x00007ff964410000 - 0x00007ff964469000 	C:\Windows\system32\mswsock.dll
0x0000000180000000 - 0x0000000180053000 	C:\work\sravia\kryonet\libs\native\windows\lwjgl64.dll
0x00007ff94a870000 - 0x00007ff94a99b000 	C:\Windows\SYSTEM32\OPENGL32.dll
0x00007ff94b120000 - 0x00007ff94b14e000 	C:\Windows\SYSTEM32\GLU32.dll
0x00007ff94add0000 - 0x00007ff94aec8000 	C:\Windows\SYSTEM32\DDRAW.dll
0x00007ff94b3b0000 - 0x00007ff94b3b9000 	C:\Windows\SYSTEM32\DCIMAN32.dll
0x00007ff9637a0000 - 0x00007ff9638c9000 	C:\Windows\system32\uxtheme.dll
0x00007ff962f90000 - 0x00007ff962fb1000 	C:\Windows\system32\dwmapi.dll
0x00007ff939680000 - 0x00007ff939fb2000 	C:\Windows\SYSTEM32\ig75icd64.dll
0x00007ff95fef0000 - 0x00007ff9608d4000 	C:\Windows\SYSTEM32\igdusc64.dll
0x00007ff9636b0000 - 0x00007ff9636c2000 	C:\Windows\SYSTEM32\WTSAPI32.dll
0x00007ff963990000 - 0x00007ff96399b000 	C:\Windows\SYSTEM32\kernel.appcore.dll
0x00007ff964a70000 - 0x00007ff964a7b000 	C:\Windows\SYSTEM32\CRYPTBASE.dll
0x00007ff964a00000 - 0x00007ff964a63000 	C:\Windows\SYSTEM32\bcryptPrimitives.dll
0x00007ff948a50000 - 0x00007ff948ae2000 	C:\Windows\SYSTEM32\mscms.dll
0x00007ff948fa0000 - 0x00007ff948fe1000 	C:\Windows\SYSTEM32\icm32.dll
0x00007ff964180000 - 0x00007ff9641c6000 	C:\Windows\SYSTEM32\powrprof.dll
0x00000000539e0000 - 0x0000000053b78000 	C:\Program Files\Java\jdk1.8.0_60\jre\bin\awt.dll
0x00007ff965460000 - 0x00007ff965521000 	C:\Windows\system32\OLEAUT32.dll
0x00007ff958310000 - 0x00007ff958499000 	C:\Windows\SYSTEM32\dbghelp.dll

VM Arguments:
jvm_args: -Djava.library.path=libs/native/windows/ -Didea.launcher.port=7537 -Didea.launcher.bin.path=C:\Program Files (x86)\JetBrains\IntelliJ IDEA Community Edition 2016.1.1\bin -Dfile.encoding=UTF-8 
java_command: com.intellij.rt.execution.application.AppMain com.Client
java_class_path (initial): C:\Program Files\Java\jdk1.8.0_60\jre\lib\charsets.jar;C:\Program Files\Java\jdk1.8.0_60\jre\lib\deploy.jar;C:\Program Files\Java\jdk1.8.0_60\jre\lib\javaws.jar;C:\Program Files\Java\jdk1.8.0_60\jre\lib\jce.jar;C:\Program Files\Java\jdk1.8.0_60\jre\lib\jfr.jar;C:\Program Files\Java\jdk1.8.0_60\jre\lib\jfxswt.jar;C:\Program Files\Java\jdk1.8.0_60\jre\lib\jsse.jar;C:\Program Files\Java\jdk1.8.0_60\jre\lib\management-agent.jar;C:\Program Files\Java\jdk1.8.0_60\jre\lib\plugin.jar;C:\Program Files\Java\jdk1.8.0_60\jre\lib\resources.jar;C:\Program Files\Java\jdk1.8.0_60\jre\lib\rt.jar;C:\Program Files\Java\jdk1.8.0_60\jre\lib\ext\access-bridge-64.jar;C:\Program Files\Java\jdk1.8.0_60\jre\lib\ext\cldrdata.jar;C:\Program Files\Java\jdk1.8.0_60\jre\lib\ext\dnsns.jar;C:\Program Files\Java\jdk1.8.0_60\jre\lib\ext\jaccess.jar;C:\Program Files\Java\jdk1.8.0_60\jre\lib\ext\jfxrt.jar;C:\Program Files\Java\jdk1.8.0_60\jre\lib\ext\localedata.jar;C:\Program Files\Java\jdk1.8.0_60\jre\lib\ext\nashorn.jar;C:\Program Files\Java\jdk1.8.0_60\jre\lib\ext\sunec.jar;C:\Program Files\Java\jdk1.8.0_60\jre\lib\ext\sunjce_provider.jar;C:\Program Files\Java\jdk1.8.0_60\jre\lib\ext\sunmscapi.jar;C:\Program Files\Java\jdk1.8.0_60\jre\lib\ext\sunpkcs11.jar;C:\Program Files\Java\jdk1.8.0_60\jre\lib\ext\zipfs.jar;C:\work\sravia\kryonet\client\target\classes;C:\Users\aivars.sazanovics\.m2\repository\com\esotericsoftware\kryonet\2.22.0-RC1\kryonet-2.22.0-RC1.jar;C:\Users\aivars.sazanovics\.m2\repository\com\esotericsoftware\kryo\kryo\2.24.0\kryo-2.24.0.jar;C:\Users\aivars.sazanovics\.m2\repository\com\esotericsoftware\minlog\minlog\1.2\minlog-1.2.jar;C:\Users\aivars.sazanovics\.m2\repository\org\objenesis\objenesis\2.1\objenesis-2.1.jar;C:\Users\aivars.sazanovics\.m2\repository\com\esotericsoftware\jsonbeans\0.7\jsonbeans-0.7.jar;C:\Users\aivars.sazanovics\.m2\repository\org\lwjgl\lwjgl\lwjgl\2.9.3\lwjgl-2.9.3.jar;C:\Users\aivars.sazanovics\.m2\repository\org\lwjgl\lwjgl\lwj
Launcher Type: SUN_STANDARD

Environment Variables:
JAVA_HOME=C:\Program Files\Java\jdk1.7.0_79
JRE_HOME=C:\Program Files (x86)\Java\jre1.8.0_60
PATH=C:\Program Files (x86)\Google\Chrome\Application;C:\ProgramData\Oracle\Java\javapath;C:\Windows\system32;C:\Windows;C:\Windows\System32\Wbem;C:\Windows\System32\WindowsPowerShell\v1.0\;M2_HOME\bin%;%ANT_HOME\bin%;C:\Program Files (x86)\Java\jre1.8.0_60\bin;C:\work\liferay-portal-6.1.2-ce-ga3\tomcat-7.0.40\bin;C:\Program Files\Java\jdk1.7.0_79\bin;C:\apache-maven-3.3.3\bin;C:\apache-ant-1.9.6\bin;C:\Program Files\TortoiseSVN\bin;C:\Program Files\TortoiseGit\bin;C:\Program Files (x86)\Brackets\command;C:\Program Files (x86)\nodejs\;C:\Users\aivars.sazanovics\AppData\Roaming\npm
USERNAME=aivars.sazanovics
OS=Windows_NT
PROCESSOR_IDENTIFIER=Intel64 Family 6 Model 69 Stepping 1, GenuineIntel



---------------  S Y S T E M  ---------------

OS: Windows 8.1 , 64 bit Build 9600 (6.3.9600.17415)

CPU:total 4 (2 cores per cpu, 2 threads per core) family 6 model 69 stepping 1, cmov, cx8, fxsr, mmx, sse, sse2, sse3, ssse3, sse4.1, sse4.2, popcnt, avx, avx2, aes, clmul, erms, lzcnt, ht, tsc, tscinvbit, bmi1, bmi2

Memory: 4k page, physical 8257628k(1331616k free), swap 14574036k(3183784k free)

vm_info: Java HotSpot(TM) 64-Bit Server VM (25.60-b23) for windows-amd64 JRE (1.8.0_60-b27), built on Aug  4 2015 11:06:27 by "java_re" with MS VC++ 10.0 (VS2010)

time: Thu Apr 14 15:37:36 2016
elapsed time: 1 seconds (0d 0h 0m 1s)

